[debug] [2020-11-30T15:35:13.636Z] ----------------------------------------------------------------------
[debug] [2020-11-30T15:35:13.638Z] Command:       /usr/local/bin/node /usr/local/bin/firebase emulators:start
[debug] [2020-11-30T15:35:13.638Z] CLI Version:   8.16.2
[debug] [2020-11-30T15:35:13.638Z] Platform:      darwin
[debug] [2020-11-30T15:35:13.638Z] Node Version:  v10.16.3
[debug] [2020-11-30T15:35:13.639Z] Time:          Tue Dec 01 2020 01:35:13 GMT+1000 (Australian Eastern Standard Time)
[debug] [2020-11-30T15:35:13.639Z] ----------------------------------------------------------------------
[debug] [2020-11-30T15:35:13.639Z] 
[debug] [2020-11-30T15:35:13.650Z] > command requires scopes: ["email","openid","https://www.googleapis.com/auth/cloudplatformprojects.readonly","https://www.googleapis.com/auth/firebase","https://www.googleapis.com/auth/cloud-platform"]
[debug] [2020-11-30T15:35:13.650Z] > authorizing via signed-in user
[info] i  emulators: Starting emulators: firestore, hosting {"metadata":{"emulator":{"name":"hub"},"message":"Starting emulators: firestore, hosting"}}
[debug] [2020-11-30T15:35:13.674Z] [hub] writing locator at /var/folders/k0/gz6t_jb50xv3ghny6hzl8n0r0000gn/T/hub-rapid-87eab.json
[debug] [2020-11-30T15:35:13.705Z] Ignoring unsupported arg: projectId {"metadata":{"emulator":{"name":"firestore"},"message":"Ignoring unsupported arg: projectId"}}
[debug] [2020-11-30T15:35:13.705Z] Ignoring unsupported arg: auto_download {"metadata":{"emulator":{"name":"firestore"},"message":"Ignoring unsupported arg: auto_download"}}
[debug] [2020-11-30T15:35:13.705Z] Starting Firestore Emulator with command {"binary":"java","args":["-Duser.language=en","-jar","/Users/leon/.cache/firebase/emulators/cloud-firestore-emulator-v1.11.9.jar","--host","localhost","--port",8080,"--rules","/Users/leon/Repo/rapid-courier/firestore.rules"],"optionalArgs":["port","webchannel_port","host","rules","functions_emulator","seed_from_export"],"joinArgs":false} {"metadata":{"emulator":{"name":"firestore"},"message":"Starting Firestore Emulator with command {\"binary\":\"java\",\"args\":[\"-Duser.language=en\",\"-jar\",\"/Users/leon/.cache/firebase/emulators/cloud-firestore-emulator-v1.11.9.jar\",\"--host\",\"localhost\",\"--port\",8080,\"--rules\",\"/Users/leon/Repo/rapid-courier/firestore.rules\"],\"optionalArgs\":[\"port\",\"webchannel_port\",\"host\",\"rules\",\"functions_emulator\",\"seed_from_export\"],\"joinArgs\":false}"}}
[info] i  firestore: Firestore Emulator logging to firestore-debug.log {"metadata":{"emulator":{"name":"firestore"},"message":"Firestore Emulator logging to \u001b[1mfirestore-debug.log\u001b[22m"}}
[debug] [2020-11-30T15:35:14.500Z] API endpoint: http:// {"metadata":{"emulator":{"name":"firestore"},"message":"API endpoint: http://"}}
[debug] [2020-11-30T15:35:14.500Z] localhost:8080
If you are using a library that supports the FIRESTORE_EMULATOR_HOST environment variable, run:

   export FIRESTORE_EMULATOR_HOST=localhost:8080

Dev App Server is now running.

 {"metadata":{"emulator":{"name":"firestore"},"message":"localhost:8080\nIf you are using a library that supports the FIRESTORE_EMULATOR_HOST environment variable, run:\n\n   export FIRESTORE_EMULATOR_HOST=localhost:8080\n\nDev App Server is now running.\n\n"}}
[debug] [2020-11-30T15:35:14.728Z] >>> HTTP REQUEST GET https://firebase.googleapis.com/v1beta1/projects/rapid-87eab/webApps/-/config  
 
[debug] [2020-11-30T15:35:16.170Z] <<< HTTP RESPONSE 200 {"content-type":"application/json; charset=UTF-8","vary":"X-Origin, Referer, Origin,Accept-Encoding","date":"Mon, 30 Nov 2020 15:35:16 GMT","server":"ESF","cache-control":"private","x-xss-protection":"0","x-frame-options":"SAMEORIGIN","x-content-type-options":"nosniff","alt-svc":"h3-29=\":443\"; ma=2592000,h3-T051=\":443\"; ma=2592000,h3-Q050=\":443\"; ma=2592000,h3-Q046=\":443\"; ma=2592000,h3-Q043=\":443\"; ma=2592000,quic=\":443\"; ma=2592000; v=\"46,43\"","accept-ranges":"none","transfer-encoding":"chunked"}
[info] i  hosting: Serving hosting files from: build {"metadata":{"emulator":{"name":"hosting"},"message":"Serving hosting files from: \u001b[1mbuild\u001b[22m"}}
[info] ✔  hosting: Local server: http://localhost:4000 {"metadata":{"emulator":{"name":"hosting"},"message":"Local server: \u001b[4m\u001b[1mhttp://localhost:4000\u001b[22m\u001b[24m"}}
[info] 
┌──────────────────────────────────────────────────────────────┐
│ ✔  All emulators ready! It is now safe to connect your apps. │
└──────────────────────────────────────────────────────────────┘

┌───────────┬────────────────┐
│ Emulator  │ Host:Port      │
├───────────┼────────────────┤
│ Firestore │ localhost:8080 │
├───────────┼────────────────┤
│ Hosting   │ localhost:4000 │
└───────────┴────────────────┘
  Other reserved ports: 4400

Issues? Report them at https://github.com/firebase/firebase-tools/issues and attach the *-debug.log files.
 
[info] i  hosting: 127.0.0.1 - - [30/Nov/2020:15:35:18 +0000] "GET / HTTP/1.1" 200 3181 "-" "Mozilla/5.0 (Macintosh; Intel Mac OS X 10_15_6) AppleWebKit/605.1.15 (KHTML, like Gecko) Version/14.0.1 Safari/605.1.15" {"metadata":{"emulator":{"name":"hosting"},"message":"127.0.0.1 - - [30/Nov/2020:15:35:18 +0000] \"GET / HTTP/1.1\" 200 3181 \"-\" \"Mozilla/5.0 (Macintosh; Intel Mac OS X 10_15_6) AppleWebKit/605.1.15 (KHTML, like Gecko) Version/14.0.1 Safari/605.1.15\""}}
[info] i  hosting: 127.0.0.1 - - [30/Nov/2020:15:35:18 +0000] "GET /static/css/main.106baaae.chunk.css HTTP/1.1" 200 385 "http://localhost:4000/" "Mozilla/5.0 (Macintosh; Intel Mac OS X 10_15_6) AppleWebKit/605.1.15 (KHTML, like Gecko) Version/14.0.1 Safari/605.1.15" {"metadata":{"emulator":{"name":"hosting"},"message":"127.0.0.1 - - [30/Nov/2020:15:35:18 +0000] \"GET /static/css/main.106baaae.chunk.css HTTP/1.1\" 200 385 \"http://localhost:4000/\" \"Mozilla/5.0 (Macintosh; Intel Mac OS X 10_15_6) AppleWebKit/605.1.15 (KHTML, like Gecko) Version/14.0.1 Safari/605.1.15\""}}
[info] i  hosting: 127.0.0.1 - - [30/Nov/2020:15:35:18 +0000] "GET /static/js/main.68e2f928.chunk.js HTTP/1.1" 200 2100 "http://localhost:4000/" "Mozilla/5.0 (Macintosh; Intel Mac OS X 10_15_6) AppleWebKit/605.1.15 (KHTML, like Gecko) Version/14.0.1 Safari/605.1.15" {"metadata":{"emulator":{"name":"hosting"},"message":"127.0.0.1 - - [30/Nov/2020:15:35:18 +0000] \"GET /static/js/main.68e2f928.chunk.js HTTP/1.1\" 200 2100 \"http://localhost:4000/\" \"Mozilla/5.0 (Macintosh; Intel Mac OS X 10_15_6) AppleWebKit/605.1.15 (KHTML, like Gecko) Version/14.0.1 Safari/605.1.15\""}}
[info] i  hosting: 127.0.0.1 - - [30/Nov/2020:15:35:18 +0000] "GET /static/js/2.f7ed9b3f.chunk.js HTTP/1.1" 200 637907 "http://localhost:4000/" "Mozilla/5.0 (Macintosh; Intel Mac OS X 10_15_6) AppleWebKit/605.1.15 (KHTML, like Gecko) Version/14.0.1 Safari/605.1.15" {"metadata":{"emulator":{"name":"hosting"},"message":"127.0.0.1 - - [30/Nov/2020:15:35:18 +0000] \"GET /static/js/2.f7ed9b3f.chunk.js HTTP/1.1\" 200 637907 \"http://localhost:4000/\" \"Mozilla/5.0 (Macintosh; Intel Mac OS X 10_15_6) AppleWebKit/605.1.15 (KHTML, like Gecko) Version/14.0.1 Safari/605.1.15\""}}
